--- start Log ---

DELETE /api/v1/resource - 201 OK
DELETE /api/v1/resource - 500 ERR
POST /api/v1/resource - 201 OK
GET /api/v1/resource - 201 OK
POST /api/v1/resource - 500 ERR
POST /api/v1/resource - 404 OK
DELETE /api/v1/resource - 404 OK
GET /api/v1/resource - 500 ERR
POST /api/v1/resource - 201 OK
POST /api/v1/resource - 200 OK
DELETE /api/v1/resource - 200 OK
POST /api/v1/resource - 500 ERR
POST /api/v1/resource - 404 OK
GET /api/v1/resource - 200 OK
POST /api/v1/resource - 200 OK
DELETE /api/v1/resource - 404 OK
DELETE /api/v1/resource - 200 OK
DELETE /api/v1/resource - 201 OK
GET /api/v1/resource - 200 OK
POST /api/v1/resource - 201 OK
DELETE /api/v1/resource - 201 OK
DELETE /api/v1/resource - 200 OK
DELETE /api/v1/resource - 500 ERROR
GET /api/v1/resource - 500 ERROR
GET /api/v1/resource - 500 ERROR
GET /api/v1/resource - 404 OK
GET /api/v1/resource - 201 OK
POST /api/v1/resource - 404 OK
POST /api/v1/resource - 201 OK
DELETE /api/v1/resource - 404 OK
POST /api/v1/resource - 404 OK
GET /api/v1/resource - 201 OK
POST /api/v1/resource - 404 OK
DELETE /api/v1/resource - 404 OK
POST /api/v1/resource - 201 OK
GET /api/v1/resource - 404 OK
DELETE /api/v1/resource - 404 OK
GET /api/v1/resource - 404 OK
DELETE /api/v1/resource - 500 ERROR
POST /api/v1/resource - 201 OK
GET /api/v1/resource - 500 ERROR
GET /api/v1/resource - 404 OK
DELETE /api/v1/resource - 201 OK
POST /api/v1/resource - 201 OK
POST /api/v1/resource - 200 OK
DELETE /api/v1/resource - 404 OK
DELETE /api/v1/resource - 201 OK
POST /api/v1/resource - 500 ERROR
DELETE /api/v1/resource - 500 ERROR
GET /api/v1/resource - 201 OK
DELETE /api/v1/resource - 404 OK
GET /api/v1/resource - 200 OK
GET /api/v1/resource - 500 ERROR
DELETE /api/v1/resource - 200 OK
